<?xml version="1.0" encoding="UTF-8"?>
<testsuite name="CinemaTests" tests="1" skipped="0" failures="0" errors="0" timestamp="2021-08-04T14:36:36" hostname="LAPTOP-J1J60HSA" time="8.213">
  <properties/>
  <testcase name="start" classname="CinemaTests" time="8.213"/>
  <system-out><![CDATA[?[1;31m
Start test 1?[0m

  .   ____          _            __ _ _
 /\\ / ___'_ __ _ _(_)_ __  __ _ \ \ \ \
( ( )\___ | '_ | '_| | '_ \/ _` | \ \ \ \
 \\/  ___)| |_)| | | | | || (_| |  ) ) ) )
  '  |____| .__|_| |_|_| |_\__, | / / / /
 =========|_|==============|___/=/_/_/_/
 :: Spring Boot ::        (v2.3.1.RELEASE)

2021-08-04 11:36:37.329  INFO 9384 --- [    Test worker] cinema.Main                              : Starting Main on LAPTOP-J1J60HSA with PID 9384 (started by tyyag in C:\Users\tyyag\Documents\GitHub\LearningJava\Courses\Hyperskill\Java Developer\Hard\Cinema-Room-REST-Service\Cinema Room REST Service\task)
2021-08-04 11:36:37.334  INFO 9384 --- [    Test worker] cinema.Main                              : No active profile set, falling back to default profiles: default
2021-08-04 11:36:40.232  INFO 9384 --- [    Test worker] o.s.b.w.embedded.tomcat.TomcatWebServer  : Tomcat initialized with port(s): 28852 (http)
2021-08-04 11:36:40.271  INFO 9384 --- [    Test worker] o.apache.catalina.core.StandardService   : Starting service [Tomcat]
2021-08-04 11:36:40.272  INFO 9384 --- [    Test worker] org.apache.catalina.core.StandardEngine  : Starting Servlet engine: [Apache Tomcat/9.0.36]
2021-08-04 11:36:40.864  INFO 9384 --- [    Test worker] o.a.c.c.C.[Tomcat].[localhost].[/]       : Initializing Spring embedded WebApplicationContext
2021-08-04 11:36:40.864  INFO 9384 --- [    Test worker] w.s.c.ServletWebServerApplicationContext : Root WebApplicationContext: initialization completed in 3462 ms
2021-08-04 11:36:41.463  INFO 9384 --- [    Test worker] o.s.s.concurrent.ThreadPoolTaskExecutor  : Initializing ExecutorService 'applicationTaskExecutor'
2021-08-04 11:36:41.591  INFO 9384 --- [    Test worker] o.s.b.a.w.s.WelcomePageHandlerMapping    : Adding welcome page: class path resource [static/index.html]
2021-08-04 11:36:41.949  INFO 9384 --- [    Test worker] o.s.b.a.e.web.EndpointLinksResolver      : Exposing 14 endpoint(s) beneath base path '/actuator'
2021-08-04 11:36:42.408  INFO 9384 --- [    Test worker] o.s.b.w.embedded.tomcat.TomcatWebServer  : Tomcat started on port(s): 28852 (http) with context path ''
2021-08-04 11:36:42.428  INFO 9384 --- [    Test worker] cinema.Main                              : Started Main in 5.802 seconds (JVM running for 7.275)
2021-08-04 11:36:43.779  INFO 9384 --- [io-28852-exec-1] o.a.c.c.C.[Tomcat].[localhost].[/]       : Initializing Spring DispatcherServlet 'dispatcherServlet'
2021-08-04 11:36:43.781  INFO 9384 --- [io-28852-exec-1] o.s.web.servlet.DispatcherServlet        : Initializing Servlet 'dispatcherServlet'
2021-08-04 11:36:43.793  INFO 9384 --- [io-28852-exec-1] o.s.web.servlet.DispatcherServlet        : Completed initialization in 12 ms
?[1;31m
Start test 2?[0m
?[1;31m
Start test 3?[0m
?[1;31m
Start test 4?[0m
?[1;31m
Start test 5?[0m
?[1;31m
Start test 6?[0m
]]></system-out>
  <system-err><![CDATA[]]></system-err>
</testsuite>
