<?xml version="1.0" encoding="UTF-8"?>
<testsuite name="CinemaTests" tests="1" skipped="0" failures="0" errors="0" timestamp="2021-07-30T18:38:44" hostname="LAPTOP-J1J60HSA" time="8.189">
  <properties/>
  <testcase name="start" classname="CinemaTests" time="8.189"/>
  <system-out><![CDATA[?[1;31m
Start test 1?[0m

  .   ____          _            __ _ _
 /\\ / ___'_ __ _ _(_)_ __  __ _ \ \ \ \
( ( )\___ | '_ | '_| | '_ \/ _` | \ \ \ \
 \\/  ___)| |_)| | | | | || (_| |  ) ) ) )
  '  |____| .__|_| |_|_| |_\__, | / / / /
 =========|_|==============|___/=/_/_/_/
 :: Spring Boot ::        (v2.3.1.RELEASE)

2021-07-30 15:38:46.943  INFO 9092 --- [    Test worker] cinema.Main                              : Starting Main on LAPTOP-J1J60HSA with PID 9092 (started by tyyag in C:\Users\tyyag\Documents\GitHub\LearningJava\Courses\Hyperskill\Java Developer\Hard\Cinema-Room-REST-Service\Cinema Room REST Service\task)
2021-07-30 15:38:46.950  INFO 9092 --- [    Test worker] cinema.Main                              : No active profile set, falling back to default profiles: default
2021-07-30 15:38:49.897  INFO 9092 --- [    Test worker] o.s.b.w.embedded.tomcat.TomcatWebServer  : Tomcat initialized with port(s): 28852 (http)
2021-07-30 15:38:49.920  INFO 9092 --- [    Test worker] o.apache.catalina.core.StandardService   : Starting service [Tomcat]
2021-07-30 15:38:49.921  INFO 9092 --- [    Test worker] org.apache.catalina.core.StandardEngine  : Starting Servlet engine: [Apache Tomcat/9.0.36]
2021-07-30 15:38:50.222  INFO 9092 --- [    Test worker] o.a.c.c.C.[Tomcat].[localhost].[/]       : Initializing Spring embedded WebApplicationContext
2021-07-30 15:38:50.223  INFO 9092 --- [    Test worker] w.s.c.ServletWebServerApplicationContext : Root WebApplicationContext: initialization completed in 3131 ms
2021-07-30 15:38:50.800  INFO 9092 --- [    Test worker] o.s.s.concurrent.ThreadPoolTaskExecutor  : Initializing ExecutorService 'applicationTaskExecutor'
2021-07-30 15:38:50.992  INFO 9092 --- [    Test worker] o.s.b.a.w.s.WelcomePageHandlerMapping    : Adding welcome page: class path resource [static/index.html]
2021-07-30 15:38:51.470  INFO 9092 --- [    Test worker] o.s.b.a.e.web.EndpointLinksResolver      : Exposing 14 endpoint(s) beneath base path '/actuator'
2021-07-30 15:38:51.675  INFO 9092 --- [    Test worker] o.s.b.w.embedded.tomcat.TomcatWebServer  : Tomcat started on port(s): 28852 (http) with context path ''
2021-07-30 15:38:51.712  INFO 9092 --- [    Test worker] cinema.Main                              : Started Main in 6.02 seconds (JVM running for 9.79)
2021-07-30 15:38:52.819  INFO 9092 --- [io-28852-exec-1] o.a.c.c.C.[Tomcat].[localhost].[/]       : Initializing Spring DispatcherServlet 'dispatcherServlet'
2021-07-30 15:38:52.820  INFO 9092 --- [io-28852-exec-1] o.s.web.servlet.DispatcherServlet        : Initializing Servlet 'dispatcherServlet'
2021-07-30 15:38:52.834  INFO 9092 --- [io-28852-exec-1] o.s.web.servlet.DispatcherServlet        : Completed initialization in 13 ms
?[1;31m
Start test 2?[0m
]]></system-out>
  <system-err><![CDATA[]]></system-err>
</testsuite>
