<?xml version="1.0" encoding="UTF-8"?>
<testsuite name="NumericMatrixProcessorTest" tests="1" skipped="0" failures="0" errors="0" timestamp="2021-07-23T20:04:31" hostname="LAPTOP-J1J60HSA" time="0.933">
  <properties/>
  <testcase name="start" classname="NumericMatrixProcessorTest" time="0.933"/>
  <system-out><![CDATA[?[1;31m
Start test 1?[0m

1. Add matrices
2. Multiply matrix by a constant
3. Multiply matrices
4. Transpose matrix
5. Calculate determinant
6. Inverse matrix
0. Exit
Your choice: > 1
Enter the size of first matrix: > 3 3
Enter first matrix:
> 3 4 55
> 4 1 1
> 9 0 0
Enter the size of second matrix: > 3 3
Enter second matrix:
> 4 9 77
> 13 22 44
> 56 57 78
The result is:
 7.00000 13.00000 132.00000 
17.00000 23.00000 45.00000 
65.00000 57.00000 78.00000 


1. Add matrices
2. Multiply matrix by a constant
3. Multiply matrices
4. Transpose matrix
5. Calculate determinant
6. Inverse matrix
0. Exit
Your choice: > 0
?[1;31m
Start test 2?[0m

1. Add matrices
2. Multiply matrix by a constant
3. Multiply matrices
4. Transpose matrix
5. Calculate determinant
6. Inverse matrix
0. Exit
Your choice: > 1
Enter the size of first matrix: > 4 4
Enter first matrix:
> -0.3 677.4 435.2 123.33
> 1.3 141.4 0.11 1411.4
> 231.33 113.4 99.9 999.9
> 1002.22 123.44 55.66 13.3
Enter the size of second matrix: > 4 4
Enter second matrix:
> 43.43 234.22 876.6 13.2
> -5.5 -0.3 -1.2 10.2
> -1.0 0.8 0.8 -9.5
> -45.5 45.5 56.5 13.7
The result is:
43.13000 911.62000 1311.80000 136.53000 
-4.20000 141.10000 -1.09000 1421.60000 
230.33000 114.20000 100.70000 990.40000 
956.72000 168.94000 112.16000 27.00000 


1. Add matrices
2. Multiply matrix by a constant
3. Multiply matrices
4. Transpose matrix
5. Calculate determinant
6. Inverse matrix
0. Exit
Your choice: > 0
?[1;31m
Start test 3?[0m

1. Add matrices
2. Multiply matrix by a constant
3. Multiply matrices
4. Transpose matrix
5. Calculate determinant
6. Inverse matrix
0. Exit
Your choice: > 2
Enter the size of matrix: > 3 3
Enter matrix:
> 11 234 444
> 456 343 222
> 997 456 456
Enter constant: > 17
The result is:
187.00000 3978.00000 7548.00000 
7752.00000 5831.00000 3774.00000 
16949.00000 7752.00000 7752.00000 


1. Add matrices
2. Multiply matrix by a constant
3. Multiply matrices
4. Transpose matrix
5. Calculate determinant
6. Inverse matrix
0. Exit
Your choice: > 0
?[1;31m
Start test 4?[0m

1. Add matrices
2. Multiply matrix by a constant
3. Multiply matrices
4. Transpose matrix
5. Calculate determinant
6. Inverse matrix
0. Exit
Your choice: > 2
Enter the size of matrix: > 4 4
Enter matrix:
> 10123 53455 999345 21312
> 13559 77654 231221 34534
> 12312 23412 342342 525255
> 99713 88123 123123 121111
Enter constant: > 111
The result is:
1123653.00000 5933505.00000 110927295.00000 2365632.00000 
1505049.00000 8619594.00000 25665531.00000 3833274.00000 
1366632.00000 2598732.00000 37999962.00000 58303305.00000 
11068143.00000 9781653.00000 13666653.00000 13443321.00000 


1. Add matrices
2. Multiply matrix by a constant
3. Multiply matrices
4. Transpose matrix
5. Calculate determinant
6. Inverse matrix
0. Exit
Your choice: > 0
?[1;31m
Start test 5?[0m

1. Add matrices
2. Multiply matrix by a constant
3. Multiply matrices
4. Transpose matrix
5. Calculate determinant
6. Inverse matrix
0. Exit
Your choice: > 3
Enter the size of first matrix: > 4 4
Enter first matrix:
> 1 2 2 7
> 3 3 4 5
> 5 0 0 1
> 0 1 0 8
Enter the size of second matrix: > 4 4
Enter second matrix:
> 9 8 7 13
> 15 14 0 1
> 3 7 2 3
> 0 9 0 35
The result is:
45.00000 113.00000 11.00000 266.00000 
84.00000 139.00000 29.00000 229.00000 
45.00000 49.00000 35.00000 100.00000 
15.00000 86.00000  0.00000 281.00000 


1. Add matrices
2. Multiply matrix by a constant
3. Multiply matrices
4. Transpose matrix
5. Calculate determinant
6. Inverse matrix
0. Exit
Your choice: > 0
?[1;31m
Start test 6?[0m

1. Add matrices
2. Multiply matrix by a constant
3. Multiply matrices
4. Transpose matrix
5. Calculate determinant
6. Inverse matrix
0. Exit
Your choice: > 3
Enter the size of first matrix: > 2 3
Enter first matrix:
> 1 0 17
> 15 19 7
Enter the size of second matrix: > 3 4
Enter second matrix:
> 5 6 78 9
> 29 31 47 1
> 14 17 0 3
The result is:
243.00000 295.00000 78.00000 60.00000 
724.00000 798.00000 2063.00000 175.00000 


1. Add matrices
2. Multiply matrix by a constant
3. Multiply matrices
4. Transpose matrix
5. Calculate determinant
6. Inverse matrix
0. Exit
Your choice: > 0
?[1;31m
Start test 7?[0m

1. Add matrices
2. Multiply matrix by a constant
3. Multiply matrices
4. Transpose matrix
5. Calculate determinant
6. Inverse matrix
0. Exit
Your choice: > 3
Enter the size of first matrix: > 3 5
Enter first matrix:
> 1 4 5 6 6
> 7 8 9 0 0
> 4 1 2 2 2
Enter the size of second matrix: > 5 2
Enter second matrix:
> 4 5
> 6 1
> 6 0
> 0 9
> 7 7
The result is:
100.00000 105.00000 
130.00000 43.00000 
48.00000 53.00000 


1. Add matrices
2. Multiply matrix by a constant
3. Multiply matrices
4. Transpose matrix
5. Calculate determinant
6. Inverse matrix
0. Exit
Your choice: > 0
?[1;31m
Start test 8?[0m

1. Add matrices
2. Multiply matrix by a constant
3. Multiply matrices
4. Transpose matrix
5. Calculate determinant
6. Inverse matrix
0. Exit
Your choice: > 3
Enter the size of first matrix: > 4 4
Enter first matrix:
> 0.65 0.67 76.4 23.2
> -0.7 -13.1 -7.2 9.2
> -0.7 -5.5 -1.5 0.4
> -1.0 12.6 0.8 -0.4
Enter the size of second matrix: > 4 4
Enter second matrix:
> -5.5 -0.3 -1.2 10.2
> -1.0 0.8 0.8 -9.5
> -45.5 45.5 56.5 13.7
> -10.7 11.9 2.2 1.2
The result is:
-3728.68500 3752.62100 4367.39600 1074.78500 
246.11000 -228.39000 -396.20000 29.71000 
73.32000 -67.68000 -87.43000 25.04000 
-39.22000 42.02000 55.60000 -119.42000 


1. Add matrices
2. Multiply matrix by a constant
3. Multiply matrices
4. Transpose matrix
5. Calculate determinant
6. Inverse matrix
0. Exit
Your choice: > 0
?[1;31m
Start test 9?[0m

1. Add matrices
2. Multiply matrix by a constant
3. Multiply matrices
4. Transpose matrix
5. Calculate determinant
6. Inverse matrix
0. Exit
Your choice: > 3
Enter the size of first matrix: > 4 4
Enter first matrix:
> 0.65 0.67 76.4 23.2
> -0.7 -13.1 -7.2 9.2
> -0.7 -5.5 -1.5 0.4
> -1.0 12.6 0.8 -0.4
Enter the size of second matrix: > 4 4
Enter second matrix:
> -5.5 -0.3 -1.2 10.2
> -1.0 0.8 0.8 -9.5
> -45.5 45.5 56.5 13.7
> -10.7 11.9 2.2 1.2
The result is:
-3728.68500 3752.62100 4367.39600 1074.78500 
246.11000 -228.39000 -396.20000 29.71000 
73.32000 -67.68000 -87.43000 25.04000 
-39.22000 42.02000 55.60000 -119.42000 


1. Add matrices
2. Multiply matrix by a constant
3. Multiply matrices
4. Transpose matrix
5. Calculate determinant
6. Inverse matrix
0. Exit
Your choice: > 3
Enter the size of first matrix: > 3 5
Enter first matrix:
> 1 4 5 6 6
> 7 8 9 0 0
> 4 1 2 2 2
Enter the size of second matrix: > 5 2
Enter second matrix:
> 4 5
> 6 1
> 6 0
> 0 9
> 7 7
The result is:
100.00000 105.00000 
130.00000 43.00000 
48.00000 53.00000 


1. Add matrices
2. Multiply matrix by a constant
3. Multiply matrices
4. Transpose matrix
5. Calculate determinant
6. Inverse matrix
0. Exit
Your choice: > 0
?[1;31m
Start test 10?[0m

1. Add matrices
2. Multiply matrix by a constant
3. Multiply matrices
4. Transpose matrix
5. Calculate determinant
6. Inverse matrix
0. Exit
Your choice: > 4
1. Main diagonal
2. Side diagonal
3. Vertical line
4. Horizontal line
Your choice: > 1
Enter matrix size: > 3 3
Enter matrix: 
> 1 7 7
> 6 6 4
> 4 2 1
The result is:
 1.00000  6.00000  4.00000 
 7.00000  6.00000  2.00000 
 7.00000  4.00000  1.00000 


1. Add matrices
2. Multiply matrix by a constant
3. Multiply matrices
4. Transpose matrix
5. Calculate determinant
6. Inverse matrix
0. Exit
Your choice: > 0
?[1;31m
Start test 11?[0m

1. Add matrices
2. Multiply matrix by a constant
3. Multiply matrices
4. Transpose matrix
5. Calculate determinant
6. Inverse matrix
0. Exit
Your choice: > 4
1. Main diagonal
2. Side diagonal
3. Vertical line
4. Horizontal line
Your choice: > 1
Enter matrix size: > 3 3
Enter matrix: 
> 1 7 7
> 6 6 4
> 4 5 1
The result is:
 1.00000  6.00000  4.00000 
 7.00000  6.00000  5.00000 
 7.00000  4.00000  1.00000 


1. Add matrices
2. Multiply matrix by a constant
3. Multiply matrices
4. Transpose matrix
5. Calculate determinant
6. Inverse matrix
0. Exit
Your choice: > 0
?[1;31m
Start test 12?[0m

1. Add matrices
2. Multiply matrix by a constant
3. Multiply matrices
4. Transpose matrix
5. Calculate determinant
6. Inverse matrix
0. Exit
Your choice: > 4
1. Main diagonal
2. Side diagonal
3. Vertical line
4. Horizontal line
Your choice: > 2
Enter matrix size: > 3 3
Enter matrix: 
> 1 2 4
> 4 6 6
> 7 7 1
The result is:
 1.00000  6.00000  4.00000 
 7.00000  6.00000  2.00000 
 7.00000  4.00000  1.00000 


1. Add matrices
2. Multiply matrix by a constant
3. Multiply matrices
4. Transpose matrix
5. Calculate determinant
6. Inverse matrix
0. Exit
Your choice: > 0
?[1;31m
Start test 13?[0m

1. Add matrices
2. Multiply matrix by a constant
3. Multiply matrices
4. Transpose matrix
5. Calculate determinant
6. Inverse matrix
0. Exit
Your choice: > 4
1. Main diagonal
2. Side diagonal
3. Vertical line
4. Horizontal line
Your choice: > 2
Enter matrix size: > 3 3
Enter matrix: 
> 1 5 4
> 4 6 6
> 7 7 1.0
The result is:
 1.00000  6.00000  4.00000 
 7.00000  6.00000  5.00000 
 7.00000  4.00000  1.00000 


1. Add matrices
2. Multiply matrix by a constant
3. Multiply matrices
4. Transpose matrix
5. Calculate determinant
6. Inverse matrix
0. Exit
Your choice: > 0
?[1;31m
Start test 14?[0m

1. Add matrices
2. Multiply matrix by a constant
3. Multiply matrices
4. Transpose matrix
5. Calculate determinant
6. Inverse matrix
0. Exit
Your choice: > 4
1. Main diagonal
2. Side diagonal
3. Vertical line
4. Horizontal line
Your choice: > 3
Enter matrix size: > 4 4
Enter matrix: 
> 6 5 4 2
> 8 7 6 6
> 1 0 0 5.0
> 9 2 8 8
The result is:
 2.00000  4.00000  5.00000  6.00000 
 6.00000  6.00000  7.00000  8.00000 
 5.00000  0.00000  0.00000  1.00000 
 8.00000  8.00000  2.00000  9.00000 


1. Add matrices
2. Multiply matrix by a constant
3. Multiply matrices
4. Transpose matrix
5. Calculate determinant
6. Inverse matrix
0. Exit
Your choice: > 0
?[1;31m
Start test 15?[0m

1. Add matrices
2. Multiply matrix by a constant
3. Multiply matrices
4. Transpose matrix
5. Calculate determinant
6. Inverse matrix
0. Exit
Your choice: > 4
1. Main diagonal
2. Side diagonal
3. Vertical line
4. Horizontal line
Your choice: > 4
Enter matrix size: > 4 4
Enter matrix: 
> 8 8 2 9
> 5 0 0 1
> 6 6 7 8.0
> 2 4 5 6
The result is:
 2.00000  4.00000  5.00000  6.00000 
 6.00000  6.00000  7.00000  8.00000 
 5.00000  0.00000  0.00000  1.00000 
 8.00000  8.00000  2.00000  9.00000 


1. Add matrices
2. Multiply matrix by a constant
3. Multiply matrices
4. Transpose matrix
5. Calculate determinant
6. Inverse matrix
0. Exit
Your choice: > 0
?[1;31m
Start test 16?[0m

1. Add matrices
2. Multiply matrix by a constant
3. Multiply matrices
4. Transpose matrix
5. Calculate determinant
6. Inverse matrix
0. Exit
Your choice: > 5
Enter the size of matrix: > 3 3
Enter matrix:
> 1 2 3
> 4 5 7
> 10 22 23
The result is:
31.00

1. Add matrices
2. Multiply matrix by a constant
3. Multiply matrices
4. Transpose matrix
5. Calculate determinant
6. Inverse matrix
0. Exit
Your choice: > 0
?[1;31m
Start test 17?[0m

1. Add matrices
2. Multiply matrix by a constant
3. Multiply matrices
4. Transpose matrix
5. Calculate determinant
6. Inverse matrix
0. Exit
Your choice: > 5
Enter the size of matrix: > 4 4
Enter matrix:
> 2.65 3.54 3.88 8.99
> 3.12 5.45 7.77 5.56
> 5.31 2.23 2.33 9.81
> 1.67 1.67 1.01 9.99
The result is:
45.22

1. Add matrices
2. Multiply matrix by a constant
3. Multiply matrices
4. Transpose matrix
5. Calculate determinant
6. Inverse matrix
0. Exit
Your choice: > 0
?[1;31m
Start test 18?[0m

1. Add matrices
2. Multiply matrix by a constant
3. Multiply matrices
4. Transpose matrix
5. Calculate determinant
6. Inverse matrix
0. Exit
Your choice: > 6
Enter matrix size: > 3 3
Enter matrix:
> 0.396796 -0.214938 0.276735
> 5.19655 -2.06983 -0.388886
> -3.3797 1.50219 0.159794
The result is:
 1.14717  2.03717  2.97110 
 2.19055  4.52055  7.20788 
 3.67009  0.59009  1.33819 


1. Add matrices
2. Multiply matrix by a constant
3. Multiply matrices
4. Transpose matrix
5. Calculate determinant
6. Inverse matrix
0. Exit
Your choice: > 0
?[1;31m
Start test 19?[0m

1. Add matrices
2. Multiply matrix by a constant
3. Multiply matrices
4. Transpose matrix
5. Calculate determinant
6. Inverse matrix
0. Exit
Your choice: > 6
Enter matrix size: > 4 4
Enter matrix:
> 2.65 3.54 3.88 8.99
> 3.12 5.45 7.77 5.56
> 5.31 2.23 2.33 9.81
> 1.67 1.67 1.01 9.99
The result is:
 0.39680 -0.21494  0.27673 -0.50920 
 5.19655 -2.06983 -0.38889 -3.14252 
-3.37970  1.50219  0.15979  2.04842 
-0.59333  0.23006  0.00259  0.50345 


1. Add matrices
2. Multiply matrix by a constant
3. Multiply matrices
4. Transpose matrix
5. Calculate determinant
6. Inverse matrix
0. Exit
Your choice: > 0
]]></system-out>
  <system-err><![CDATA[]]></system-err>
</testsuite>
