<?xml version="1.0" encoding="UTF-8"?>
<testsuite name="NumericMatrixProcessorTest" tests="1" skipped="0" failures="1" errors="0" timestamp="2021-07-09T21:47:26" hostname="LAPTOP-J1J60HSA" time="0.218">
  <properties/>
  <testcase name="start" classname="NumericMatrixProcessorTest" time="0.218">
    <failure message="java.lang.AssertionError: Wrong answer in test #1&#10;&#10;Checking if matrices adding algorithm is correct&#10;&#10;Please find below the output of your program during this failed test.&#10;Note that the '&gt;' character indicates the beginning of the input line.&#10;&#10;---&#10;&#10;&#10;1. Add matrices&#10;2. Multiply matrix by a constant&#10;3. Multiply matrices&#10;0. Exit&#10;Your choice: &gt; 1&#10;Enter the size of first matrix: &gt; 3 3&#10;Enter first matrix:&#10;&gt; 3 4 55&#10;&gt; 4 1 1&#10;&gt; 9 0 0&#10;Enter the size of second matrix: &gt; 3 3&#10;Enter second matrix:&#10;&gt; 4 9 77&#10;&gt; 13 22 44&#10;&gt; 56 57 78&#10;The result is:&#10;7 17 65 &#10;13 23 57 &#10;132 45 78 &#10;&#10;&#10;1. Add matrices&#10;2. Multiply matrix by a constant&#10;3. Multiply matrices&#10;0. Exit&#10;Your choice: &gt; 0" type="java.lang.AssertionError">java.lang.AssertionError: Wrong answer in test #1

Checking if matrices adding algorithm is correct

Please find below the output of your program during this failed test.
Note that the '&gt;' character indicates the beginning of the input line.

---


1. Add matrices
2. Multiply matrix by a constant
3. Multiply matrices
0. Exit
Your choice: &gt; 1
Enter the size of first matrix: &gt; 3 3
Enter first matrix:
&gt; 3 4 55
&gt; 4 1 1
&gt; 9 0 0
Enter the size of second matrix: &gt; 3 3
Enter second matrix:
&gt; 4 9 77
&gt; 13 22 44
&gt; 56 57 78
The result is:
7 17 65 
13 23 57 
132 45 78 


1. Add matrices
2. Multiply matrix by a constant
3. Multiply matrices
0. Exit
Your choice: &gt; 0
	at org.junit.Assert.fail(Assert.java:88)
	at org.hyperskill.hstest.stage.StageTest.start(StageTest.java:141)
	at java.base/jdk.internal.reflect.NativeMethodAccessorImpl.invoke0(Native Method)
	at java.base/jdk.internal.reflect.NativeMethodAccessorImpl.invoke(NativeMethodAccessorImpl.java:62)
	at java.base/jdk.internal.reflect.DelegatingMethodAccessorImpl.invoke(DelegatingMethodAccessorImpl.java:43)
	at java.base/java.lang.reflect.Method.invoke(Method.java:566)
	at org.junit.runners.model.FrameworkMethod$1.runReflectiveCall(FrameworkMethod.java:50)
	at org.junit.internal.runners.model.ReflectiveCallable.run(ReflectiveCallable.java:12)
	at org.junit.runners.model.FrameworkMethod.invokeExplosively(FrameworkMethod.java:47)
	at org.junit.internal.runners.statements.InvokeMethod.evaluate(InvokeMethod.java:17)
	at org.junit.runners.ParentRunner.runLeaf(ParentRunner.java:325)
	at org.junit.runners.BlockJUnit4ClassRunner.runChild(BlockJUnit4ClassRunner.java:78)
	at org.junit.runners.BlockJUnit4ClassRunner.runChild(BlockJUnit4ClassRunner.java:57)
	at org.junit.runners.ParentRunner$3.run(ParentRunner.java:290)
	at org.junit.runners.ParentRunner$1.schedule(ParentRunner.java:71)
	at org.junit.runners.ParentRunner.runChildren(ParentRunner.java:288)
	at org.junit.runners.ParentRunner.access$000(ParentRunner.java:58)
	at org.junit.runners.ParentRunner$2.evaluate(ParentRunner.java:268)
	at org.junit.runners.ParentRunner.run(ParentRunner.java:363)
	at org.gradle.api.internal.tasks.testing.junit.JUnitTestClassExecutor.runTestClass(JUnitTestClassExecutor.java:110)
	at org.gradle.api.internal.tasks.testing.junit.JUnitTestClassExecutor.execute(JUnitTestClassExecutor.java:58)
	at org.gradle.api.internal.tasks.testing.junit.JUnitTestClassExecutor.execute(JUnitTestClassExecutor.java:38)
	at org.gradle.api.internal.tasks.testing.junit.AbstractJUnitTestClassProcessor.processTestClass(AbstractJUnitTestClassProcessor.java:62)
	at org.gradle.api.internal.tasks.testing.SuiteTestClassProcessor.processTestClass(SuiteTestClassProcessor.java:51)
	at java.base/jdk.internal.reflect.NativeMethodAccessorImpl.invoke0(Native Method)
	at java.base/jdk.internal.reflect.NativeMethodAccessorImpl.invoke(NativeMethodAccessorImpl.java:62)
	at java.base/jdk.internal.reflect.DelegatingMethodAccessorImpl.invoke(DelegatingMethodAccessorImpl.java:43)
	at java.base/java.lang.reflect.Method.invoke(Method.java:566)
	at org.gradle.internal.dispatch.ReflectionDispatch.dispatch(ReflectionDispatch.java:36)
	at org.gradle.internal.dispatch.ReflectionDispatch.dispatch(ReflectionDispatch.java:24)
	at org.gradle.internal.dispatch.ContextClassLoaderDispatch.dispatch(ContextClassLoaderDispatch.java:33)
	at org.gradle.internal.dispatch.ProxyDispatchAdapter$DispatchingInvocationHandler.invoke(ProxyDispatchAdapter.java:94)
	at com.sun.proxy.$Proxy2.processTestClass(Unknown Source)
	at org.gradle.api.internal.tasks.testing.worker.TestWorker.processTestClass(TestWorker.java:119)
	at java.base/jdk.internal.reflect.NativeMethodAccessorImpl.invoke0(Native Method)
	at java.base/jdk.internal.reflect.NativeMethodAccessorImpl.invoke(NativeMethodAccessorImpl.java:62)
	at java.base/jdk.internal.reflect.DelegatingMethodAccessorImpl.invoke(DelegatingMethodAccessorImpl.java:43)
	at java.base/java.lang.reflect.Method.invoke(Method.java:566)
	at org.gradle.internal.dispatch.ReflectionDispatch.dispatch(ReflectionDispatch.java:36)
	at org.gradle.internal.dispatch.ReflectionDispatch.dispatch(ReflectionDispatch.java:24)
	at org.gradle.internal.remote.internal.hub.MessageHubBackedObjectConnection$DispatchWrapper.dispatch(MessageHubBackedObjectConnection.java:182)
	at org.gradle.internal.remote.internal.hub.MessageHubBackedObjectConnection$DispatchWrapper.dispatch(MessageHubBackedObjectConnection.java:164)
	at org.gradle.internal.remote.internal.hub.MessageHub$Handler.run(MessageHub.java:414)
	at org.gradle.internal.concurrent.ExecutorPolicy$CatchAndRecordFailures.onExecute(ExecutorPolicy.java:64)
	at org.gradle.internal.concurrent.ManagedExecutorImpl$1.run(ManagedExecutorImpl.java:48)
	at java.base/java.util.concurrent.ThreadPoolExecutor.runWorker(ThreadPoolExecutor.java:1128)
	at java.base/java.util.concurrent.ThreadPoolExecutor$Worker.run(ThreadPoolExecutor.java:628)
	at org.gradle.internal.concurrent.ThreadFactoryImpl$ManagedThreadRunnable.run(ThreadFactoryImpl.java:56)
	at java.base/java.lang.Thread.run(Thread.java:829)
</failure>
  </testcase>
  <system-out><![CDATA[?[1;31m
Start test 1?[0m

1. Add matrices
2. Multiply matrix by a constant
3. Multiply matrices
0. Exit
Your choice: > 1
Enter the size of first matrix: > 3 3
Enter first matrix:
> 3 4 55
> 4 1 1
> 9 0 0
Enter the size of second matrix: > 3 3
Enter second matrix:
> 4 9 77
> 13 22 44
> 56 57 78
The result is:
7 17 65 
13 23 57 
132 45 78 


1. Add matrices
2. Multiply matrix by a constant
3. Multiply matrices
0. Exit
Your choice: > 0
]]></system-out>
  <system-err><![CDATA[]]></system-err>
</testsuite>
