<?xml version="1.0" encoding="UTF-8"?>
<testsuite name="CodeSharingPlatformTest" tests="1" skipped="0" failures="0" errors="0" timestamp="2021-08-24T18:49:58" hostname="LAPTOP-J1J60HSA" time="5.303">
  <properties/>
  <testcase name="start" classname="CodeSharingPlatformTest" time="5.303"/>
  <system-out><![CDATA[?[1;31m
Start test 1?[0m

  .   ____          _            __ _ _
 /\\ / ___'_ __ _ _(_)_ __  __ _ \ \ \ \
( ( )\___ | '_ | '_| | '_ \/ _` | \ \ \ \
 \\/  ___)| |_)| | | | | || (_| |  ) ) ) )
  '  |____| .__|_| |_|_| |_\__, | / / / /
 =========|_|==============|___/=/_/_/_/
 :: Spring Boot ::        (v2.3.3.RELEASE)

2021-08-24 15:49:59.816  INFO 10444 --- [    Test worker] platform.CodeSharingPlatform             : Starting CodeSharingPlatform on LAPTOP-J1J60HSA with PID 10444 (started by tyyag in C:\Users\tyyag\Documents\GitHub\LearningJava\Courses\Hyperskill\Java Developer\Challenging\CodeSharingPlatform\Code Sharing Platform\task)
2021-08-24 15:49:59.823  INFO 10444 --- [    Test worker] platform.CodeSharingPlatform             : No active profile set, falling back to default profiles: default
2021-08-24 15:50:01.797  INFO 10444 --- [    Test worker] o.s.b.w.embedded.tomcat.TomcatWebServer  : Tomcat initialized with port(s): 8889 (http)
2021-08-24 15:50:01.815  INFO 10444 --- [    Test worker] o.apache.catalina.core.StandardService   : Starting service [Tomcat]
2021-08-24 15:50:01.816  INFO 10444 --- [    Test worker] org.apache.catalina.core.StandardEngine  : Starting Servlet engine: [Apache Tomcat/9.0.37]
2021-08-24 15:50:02.024  INFO 10444 --- [    Test worker] o.a.c.c.C.[Tomcat].[localhost].[/]       : Initializing Spring embedded WebApplicationContext
2021-08-24 15:50:02.024  INFO 10444 --- [    Test worker] w.s.c.ServletWebServerApplicationContext : Root WebApplicationContext: initialization completed in 2106 ms
2021-08-24 15:50:02.512  INFO 10444 --- [    Test worker] o.s.s.concurrent.ThreadPoolTaskExecutor  : Initializing ExecutorService 'applicationTaskExecutor'
2021-08-24 15:50:03.029  INFO 10444 --- [    Test worker] o.s.b.a.e.web.EndpointLinksResolver      : Exposing 14 endpoint(s) beneath base path '/actuator'
2021-08-24 15:50:03.111  INFO 10444 --- [    Test worker] o.s.b.w.embedded.tomcat.TomcatWebServer  : Tomcat started on port(s): 8889 (http) with context path ''
2021-08-24 15:50:03.137  INFO 10444 --- [    Test worker] platform.CodeSharingPlatform             : Started CodeSharingPlatform in 3.95 seconds (JVM running for 5.29)
2021-08-24 15:50:03.672  INFO 10444 --- [nio-8889-exec-1] o.a.c.c.C.[Tomcat].[localhost].[/]       : Initializing Spring DispatcherServlet 'dispatcherServlet'
2021-08-24 15:50:03.673  INFO 10444 --- [nio-8889-exec-1] o.s.web.servlet.DispatcherServlet        : Initializing Servlet 'dispatcherServlet'
2021-08-24 15:50:03.687  INFO 10444 --- [nio-8889-exec-1] o.s.web.servlet.DispatcherServlet        : Completed initialization in 13 ms
?[1;31m
Start test 2?[0m
?[1;31m
Start test 3?[0m
?[1;31m
Start test 4?[0m
?[1;31m
Start test 5?[0m
?[1;31m
Start test 6?[0m
?[1;31m
Start test 7?[0m
?[1;31m
Start test 8?[0m
?[1;31m
Start test 9?[0m
?[1;31m
Start test 10?[0m
?[1;31m
Start test 11?[0m
?[1;31m
Start test 12?[0m
]]></system-out>
  <system-err><![CDATA[]]></system-err>
</testsuite>
