<?xml version="1.0" encoding="UTF-8"?>
<testsuite name="JsonDatabaseTest" tests="1" skipped="0" failures="0" errors="0" timestamp="2021-07-24T18:42:14" hostname="LAPTOP-J1J60HSA" time="0.809">
  <properties/>
  <testcase name="start" classname="JsonDatabaseTest" time="0.809"/>
  <system-out><![CDATA[?[1;31m
Start test 1?[0m
Server started!
Client started!
Sent: Give me a record # 12
Received: Give me a record # 12
Received: A record # 12 was sent!
Sent: A record # 12 was sent!
]]></system-out>
  <system-err><![CDATA[]]></system-err>
</testsuite>
