<?xml version="1.0" encoding="UTF-8"?>
<testsuite name="SimpleSearchEngineTest" tests="1" skipped="0" failures="0" errors="0" timestamp="2021-08-21T15:09:50" hostname="LAPTOP-J1J60HSA" time="0.431">
  <properties/>
  <testcase name="start" classname="SimpleSearchEngineTest" time="0.431"/>
  <system-out><![CDATA[?[1;31m
Start test 1?[0m
> hello my name is alex
> my
2
?[1;31m
Start test 2?[0m
> hello my name is alex
> alex
5
?[1;31m
Start test 3?[0m
> what a beautiful place
> what
1
?[1;31m
Start test 4?[0m
> hi
> hi
1
?[1;31m
Start test 5?[0m
> hi
> hello
Not found
?[1;31m
Start test 6?[0m
> twenty one pilots white stripes queen system of a down
> hello
Not found
?[1;31m
Start test 7?[0m
> twenty one pilots white stripes queen system of a down
> a
9
?[1;31m
Start test 8?[0m
> one two three
> four
Not found
]]></system-out>
  <system-err><![CDATA[]]></system-err>
</testsuite>
