<?xml version="1.0" encoding="UTF-8"?>
<testsuite name="MusicAdvisorTest" tests="1" skipped="0" failures="0" errors="0" timestamp="2021-07-29T16:28:50" hostname="LAPTOP-J1J60HSA" time="1.108">
  <properties/>
  <testcase name="start" classname="MusicAdvisorTest" time="1.108"/>
  <system-out><![CDATA[?[1;31m
Start test 1?[0m
> auth
use this link to request the access code:
http://127.0.0.1:45678/authorize?client_id=0d7cdbd67fde4af792a1745e5c10605f&response_type=code&redirect_uri=http://localhost:18406
waiting for code...
Tester: making requests to redirect uri: http://localhost:18406
Tester: done request 1: Authorization code not found. Try again.
Tester: done request 2: Authorization code not found. Try again.
Closing the server.
Tester: done request 3: Got the code. Return back to your program.
code received
making http request for access_token...
{"access_token":"456456","token_type":"Bearer","expires_in":3600,"refresh_token":"567567","scope":""}
---SUCCESS---
> featured
---FEATURED---
Mellow Morning
Wake Up and Smell the Coffee
Monday Motivation
Songs to Sing in the Shower
> exit
---GOODBYE!---
?[1;31m
Start test 2?[0m
> featured
Please, provide access for application.
> exit
---GOODBYE!---
?[1;31m
Start test 3?[0m
> new
Please, provide access for application.
> exit
---GOODBYE!---
]]></system-out>
  <system-err><![CDATA[]]></system-err>
</testsuite>
