<?xml version="1.0" encoding="UTF-8"?>
<testsuite name="MusicAdvisorTest" tests="1" skipped="0" failures="0" errors="0" timestamp="2021-07-28T22:34:46" hostname="LAPTOP-J1J60HSA" time="0.552">
  <properties/>
  <testcase name="start" classname="MusicAdvisorTest" time="0.552"/>
  <system-out><![CDATA[?[1;31m
Start test 1?[0m
> new
---NEW RELEASES---
Mountains [Sia, Diplo, Labrinth]
Runaway [Lil Peep]
The Greatest Show [Panic! At The Disco]
All Out Life [Slipknot]
> featured
---FEATURED---
Mellow Morning
Wake Up and Smell the Coffee
Monday Motivation
Songs to Sing in the Shower
> categories
---CATEGORIES---
Top Lists
Pop
Mood
Latin
> playlists Mood
---MOOD PLAYLISTS---
Walk Like A Badass  
Rage Beats  
Arab Mood Booster  
Sunday Stroll
> exit
---GOODBYE!---
]]></system-out>
  <system-err><![CDATA[]]></system-err>
</testsuite>
