<?xml version="1.0" encoding="UTF-8"?>
<testsuite name="BlockchainTest" tests="1" skipped="0" failures="0" errors="0" timestamp="2021-08-02T23:12:24" hostname="LAPTOP-J1J60HSA" time="0.868">
  <properties/>
  <testcase name="start" classname="BlockchainTest" time="0.868"/>
  <system-out><![CDATA[?[1;31m
Start test 1?[0m
Block:
Created by miner # 10
Id: 1
Timestamp: 1627945944331
Magic number: 811164668
Hash of the previous block: 
0
Hash of the block: 
098202d2af53dbe2dbebea2bf527ed97b212d1e546795eafb9f5c7e22d45afea
Block was generating for 0 seconds
N was increased to 1

Block:
Created by miner # 8
Id: 2
Timestamp: 1627945944437
Magic number: 1086114726
Hash of the previous block: 
098202d2af53dbe2dbebea2bf527ed97b212d1e546795eafb9f5c7e22d45afea
Hash of the block: 
051778cbb1a1a30f5e9f26ed38e94cf556e368f13f148a84b0ad7a3ff26284ac
Block was generating for 0 seconds
N was increased to 2

Block:
Created by miner # 5
Id: 3
Timestamp: 1627945944478
Magic number: 865805449
Hash of the previous block: 
051778cbb1a1a30f5e9f26ed38e94cf556e368f13f148a84b0ad7a3ff26284ac
Hash of the block: 
003dfe6cf3864a00bf9e98b3df8c0665965f15435469c36826cf198a2b346eaa
Block was generating for 0 seconds
N was increased to 3

Block:
Created by miner # 3
Id: 4
Timestamp: 1627945944673
Magic number: 1135998981
Hash of the previous block: 
003dfe6cf3864a00bf9e98b3df8c0665965f15435469c36826cf198a2b346eaa
Hash of the block: 
000321279ddbb71d873314e494ae9cf3ad93f441d2d249047422d89fa94c23a2
Block was generating for 0 seconds
N was increased to 4

Block:
Created by miner # 7
Id: 5
Timestamp: 1627945944694
Magic number: 622234869
Hash of the previous block: 
000321279ddbb71d873314e494ae9cf3ad93f441d2d249047422d89fa94c23a2
Hash of the block: 
00008d5fe241dccbbaf5d2a693bc7c836a7b050f5561f61906c9b78fcfc0d574
Block was generating for 0 seconds
N was increased to 5

?[1;31m
Start test 2?[0m
Block:
Created by miner # 1
Id: 1
Timestamp: 1627945944747
Magic number: 544344908
Hash of the previous block: 
0
Hash of the block: 
13ffef0bf2ec6557413142264a9507c80390f33b920ffa46106620cb6bad4841
Block was generating for 0 seconds
N was increased to 1

Block:
Created by miner # 1
Id: 2
Timestamp: 1627945944764
Magic number: 360017583
Hash of the previous block: 
13ffef0bf2ec6557413142264a9507c80390f33b920ffa46106620cb6bad4841
Hash of the block: 
0cbbc77ed784d7f73cb60156d9838b66c8b03cfd498fea78fdb78b3753e18376
Block was generating for 0 seconds
N was increased to 2

Block:
Created by miner # 4
Id: 3
Timestamp: 1627945944783
Magic number: 546523012
Hash of the previous block: 
0cbbc77ed784d7f73cb60156d9838b66c8b03cfd498fea78fdb78b3753e18376
Hash of the block: 
00371151ef8faad8e5770a627852d5cfdc7f0c32ae42c202aac9f5d41230aede
Block was generating for 0 seconds
N was increased to 3

Block:
Created by miner # 4
Id: 4
Timestamp: 1627945944810
Magic number: 993249264
Hash of the previous block: 
00371151ef8faad8e5770a627852d5cfdc7f0c32ae42c202aac9f5d41230aede
Hash of the block: 
000d226ab60553e2779b2be6d2d0674c252564156537d1dd01d087610cf9934a
Block was generating for 0 seconds
N was increased to 4

Block:
Created by miner # 4
Id: 5
Timestamp: 1627945945073
Magic number: 1726916931
Hash of the previous block: 
000d226ab60553e2779b2be6d2d0674c252564156537d1dd01d087610cf9934a
Hash of the block: 
0000b19f01debdfd6bca132efd5dcf0e2bb3542cc1b1b2fe2fc8c7b5ba2e7f35
Block was generating for 0 seconds
N was increased to 5

]]></system-out>
  <system-err><![CDATA[]]></system-err>
</testsuite>
