<?xml version="1.0" encoding="UTF-8"?>
<testsuite name="MazeRunnerTest" tests="1" skipped="0" failures="0" errors="0" timestamp="2021-07-26T16:55:50" hostname="LAPTOP-J1J60HSA" time="0.254">
  <properties/>
  <testcase name="start" classname="MazeRunnerTest" time="0.254"/>
  <system-out><![CDATA[?[1;31m
Start test 1?[0m
████████████████████
    ██  ██  ██    ██
██  ██      ██  ████
██      ██████      
██  ██          ████
██  ██  ██      ████
██  ██  ██████  ████
██  ██      ██    ██
██  ██      ██    ██
████████████████████
]]></system-out>
  <system-err><![CDATA[]]></system-err>
</testsuite>
