<?xml version="1.0" encoding="UTF-8"?>
<testsuite name="MazeRunnerTest" tests="1" skipped="0" failures="0" errors="0" timestamp="2021-07-28T18:22:43" hostname="LAPTOP-J1J60HSA" time="0.458">
  <properties/>
  <testcase name="start" classname="MazeRunnerTest" time="0.458"/>
  <system-out><![CDATA[?[1;31m
Start test 1?[0m
=== Menu ===
1. Generate a new maze
2. Load a maze
0. Exit
> 0
Bye!
?[1;31m
Start test 2?[0m
=== Menu ===
1. Generate a new maze
2. Load a maze
0. Exit
> 1
Enter the size of a new maze:
> 17
██████████████████████████████████
    ██              ██      ██  ██
██  ██  ██████  ██  ██  ██████  ██
██      ██      ██      ██      ██
██  ██████  ██████████  ██  ██  ██
██  ██      ██              ██  ██
██  ██████████████  ██████████  ██
██      ██  ██  ██  ██      ██  ██
██  ██████  ██  ██████  ██  ██████
██      ██              ██      ██
██  ██████  ██████████████  ██████
██      ██              ██      ██
██  ██████  ██████████████████  ██
██          ██          ██  ██  ██
██  ██  ██  ██████████  ██  ██  ██
██  ██  ██  ██                    
██████████████████████████████████
=== Menu ===
1. Generate a new maze
2. Load a maze
3. Save the maze
4. Display the maze
0. Exit
> 0
Bye!
?[1;31m
Start test 3?[0m
=== Menu ===
1. Generate a new maze
2. Load a maze
0. Exit
> 1
Enter the size of a new maze:
> 15
██████████████████████████████
                        ██  ██
██████████  ██████████████  ██
██          ██  ██      ██  ██
██  ██████  ██  ██████  ██  ██
██      ██          ██      ██
██  ██  ██  ██  ██  ██  ██████
██  ██  ██  ██  ██  ██      ██
██  ██████████  ██████  ██  ██
██  ██                  ██  ██
██████  ██  ██  ██████████████
██      ██  ██          ██  ██
██████  ██████  ██  ██  ██  ██
██          ██  ██  ██        
██████████████████████████████
=== Menu ===
1. Generate a new maze
2. Load a maze
3. Save the maze
4. Display the maze
0. Exit
> 3
> test_maze.txt
=== Menu ===
1. Generate a new maze
2. Load a maze
3. Save the maze
4. Display the maze
0. Exit
> 0
Bye!
?[1;31m
Start test 4?[0m
=== Menu ===
1. Generate a new maze
2. Load a maze
0. Exit
> 2
Please enter the file name:
> test_maze.txt
=== Menu ===
1. Generate a new maze
2. Load a maze
3. Save the maze
4. Display the maze
0. Exit
> 4
██████████████████████████████
                        ██  ██
██████████  ██████████████  ██
██          ██  ██      ██  ██
██  ██████  ██  ██████  ██  ██
██      ██          ██      ██
██  ██  ██  ██  ██  ██  ██████
██  ██  ██  ██  ██  ██      ██
██  ██████████  ██████  ██  ██
██  ██                  ██  ██
██████  ██  ██  ██████████████
██      ██  ██          ██  ██
██████  ██████  ██  ██  ██  ██
██          ██  ██  ██        
██████████████████████████████
=== Menu ===
1. Generate a new maze
2. Load a maze
3. Save the maze
4. Display the maze
0. Exit
> 0
Bye!
]]></system-out>
  <system-err><![CDATA[]]></system-err>
</testsuite>
