<?xml version="1.0" encoding="UTF-8"?>
<testsuite name="MainTest" tests="1" skipped="0" failures="0" errors="0" timestamp="2021-08-11T19:40:50" hostname="LAPTOP-J1J60HSA" time="0.306">
  <properties/>
  <testcase name="start" classname="MainTest" time="0.306"/>
  <system-out><![CDATA[?[1;31m
Start test 1?[0m
PDF document
It took 14.192 seconds
?[1;31m
Start test 2?[0m
DOC document
It took 1.989 seconds
?[1;31m
Start test 3?[0m
Unknown file type
It took 6.849 seconds
?[1;31m
Start test 4?[0m
Unknown file type
It took 2.304 seconds
]]></system-out>
  <system-err><![CDATA[]]></system-err>
</testsuite>
