<?xml version="1.0" encoding="UTF-8"?>
<testsuite name="MainTest" tests="1" skipped="0" failures="0" errors="0" timestamp="2021-08-11T20:11:31" hostname="LAPTOP-J1J60HSA" time="0.242">
  <properties/>
  <testcase name="start" classname="MainTest" time="0.242"/>
  <system-out><![CDATA[?[1;31m
Start test 1?[0m
doc.pdf: PDF document
text.txt: PDF document
?[1;31m
Start test 2?[0m
file.pdf: PEM certificate
file.pem: PEM certificate
?[1;31m
Start test 3?[0m
the_only_file.pem: PEM certificate
?[1;31m
Start test 4?[0m
doc0.pdf: TXT document
doc1.pdf: TXT document
doc2.pdf: TXT document
doc3.pdf: TXT document
doc4.pdf: TXT document
doc5.pdf: TXT document
doc6.pdf: TXT document
doc7.pdf: TXT document
doc8.pdf: Unknown file type
doc9.txt: Unknown file type
]]></system-out>
  <system-err><![CDATA[]]></system-err>
</testsuite>
