<?xml version="1.0" encoding="UTF-8"?>
<testsuite name="Test" tests="1" skipped="0" failures="0" errors="0" timestamp="2021-07-21T21:20:18" hostname="LAPTOP-J1J60HSA" time="0.198">
  <properties/>
  <testcase name="start" classname="Test" time="0.198"/>
  <system-out><![CDATA[?[1;31m
Start test 1?[0m
> /exit
Bye!
?[1;31m
Start test 2?[0m
> 17 9
26
> -2 5
3
> 
> 7
7
> /exit
Bye!
?[1;31m
Start test 3?[0m
> 100 200
300
> 500
500
> 300 -400
-100
> 
> -500
-500
> 1 -1
0
> /exit
Bye!
]]></system-out>
  <system-err><![CDATA[]]></system-err>
</testsuite>
